platforms/android/app/build/outputs/logs/manifest-merger-debug-report.txt
-- Merging decision tree log ---
manifest
ADDED from src/main/AndroidManifest.xml:2:1-79:12
	package
		ADDED from src/main/AndroidManifest.xml:4:5-29
		INJECTED from src/main/AndroidManifest.xml
		INJECTED from src/main/AndroidManifest.xml
	android:versionName
		INJECTED from src/main/AndroidManifest.xml
		INJECTED from src/main/AndroidManifest.xml
	xmlns:tools
		ADDED from src/main/AndroidManifest.xml:3:5-51
	xmlns:android
		ADDED from src/main/AndroidManifest.xml:2:11-69
	android:versionCode
		INJECTED from src/main/AndroidManifest.xml
		INJECTED from src/main/AndroidManifest.xml
uses-permission#android.permission.INTERNET
ADDED from src/main/AndroidManifest.xml:6:5-67
	android:name
		ADDED from src/main/AndroidManifest.xml:6:22-64
uses-permission#android.permission.WRITE_EXTERNAL_STORAGE
ADDED from src/main/AndroidManifest.xml:7:5-81
	android:name
		ADDED from src/main/AndroidManifest.xml:7:22-78
uses-permission#android.permission.READ_EXTERNAL_STORAGE
ADDED from src/main/AndroidManifest.xml:8:5-80
	android:name
		ADDED from src/main/AndroidManifest.xml:8:22-77
uses-permission#android.permission.CAMERA
ADDED from src/main/AndroidManifest.xml:9:5-65
MERGED from [com.journeyapps:zxing-android-embedded:3.4.0] AndroidManifest.xml:21:5-65
	android:name
		ADDED from src/main/AndroidManifest.xml:9:22-62
uses-permission#android.permission.ACCESS_NETWORK_STATE
ADDED from src/main/AndroidManifest.xml:10:5-79
	android:name
		ADDED from src/main/AndroidManifest.xml:10:22-76
uses-permission#com.android.launcher.permission.INSTALL_SHORTCUT
ADDED from src/main/AndroidManifest.xml:11:5-88
	android:name
		ADDED from src/main/AndroidManifest.xml:11:22-85
uses-permission#android.permission.SYSTEM_ALERT_WINDOW
ADDED from src/main/AndroidManifest.xml:12:5-78
	android:name
		ADDED from src/main/AndroidManifest.xml:12:22-75
uses-permission#android.permission.SYSTEM_OVERLAY_WINDOW
ADDED from src/main/AndroidManifest.xml:13:5-80
	android:name
		ADDED from src/main/AndroidManifest.xml:13:22-77
uses-permission#android.permission.VIBRATE
ADDED from src/main/AndroidManifest.xml:14:5-66
	android:name
		ADDED from src/main/AndroidManifest.xml:14:22-63
uses-permission#android.permission.READ_PHONE_STATE
ADDED from src/main/AndroidManifest.xml:15:5-75
	android:name
		ADDED from src/main/AndroidManifest.xml:15:22-72
uses-permission#android.permission.INTERNAL_SYSTEM_WINDOW
ADDED from src/main/AndroidManifest.xml:16:5-81
	android:name
		ADDED from src/main/AndroidManifest.xml:16:22-78
uses-feature#android.hardware.camera
ADDED from src/main/AndroidManifest.xml:18:5-60
MERGED from [com.journeyapps:zxing-android-embedded:3.4.0] AndroidManifest.xml:24:5-26:36
	android:name
		ADDED from src/main/AndroidManifest.xml:18:19-57
uses-feature#android.hardware.camera.autofocus
ADDED from src/main/AndroidManifest.xml:19:5-70
MERGED from [com.journeyapps:zxing-android-embedded:3.4.0] AndroidManifest.xml:32:5-34:36
	android:name
		ADDED from src/main/AndroidManifest.xml:19:19-67
application
ADDED from src/main/AndroidManifest.xml:21:5-77:19
MERGED from [com.weexext:imagepicker:1.0.1] AndroidManifest.xml:11:5-21:19
MERGED from [com.taobao.android:weex_sdk:0.10.0] AndroidManifest.xml:11:5-17:19
MERGED from [android:weexplugin:unspecified] AndroidManifest.xml:11:5-12:19
MERGED from [com.taobao.android:weex_inspector:0.10.0.5] AndroidManifest.xml:13:5-20
MERGED from [com.journeyapps:zxing-android-embedded:3.4.0] AndroidManifest.xml:45:5-53:19
MERGED from [com.karumi:dexter:4.1.0] AndroidManifest.xml:26:5-31:19
MERGED from [com.android.support:design:25.2.0] AndroidManifest.xml:25:5-20
MERGED from [com.android.support:appcompat-v7:25.2.0] AndroidManifest.xml:25:5-20
MERGED from [com.android.support:animated-vector-drawable:25.2.0] AndroidManifest.xml:22:5-20
MERGED from [com.android.support:support-vector-drawable:25.2.0] AndroidManifest.xml:23:5-20
MERGED from [com.android.support:transition:25.2.0] AndroidManifest.xml:22:5-20
MERGED from [com.android.support:support-v4:25.2.0] AndroidManifest.xml:25:5-20
MERGED from [com.android.support:support-fragment:25.2.0] AndroidManifest.xml:25:5-20
MERGED from [com.android.support:support-media-compat:25.2.0] AndroidManifest.xml:25:5-20
MERGED from [com.android.support:support-core-ui:25.2.0] AndroidManifest.xml:25:5-20
MERGED from [com.android.support:support-core-utils:25.2.0] AndroidManifest.xml:25:5-20
MERGED from [com.android.support:support-compat:25.2.0] AndroidManifest.xml:25:5-20
MERGED from [org.xutils:xutils:3.0] AndroidManifest.xml:12:5-20
	android:label
		ADDED from src/main/AndroidManifest.xml:25:9-41
	android:supportsRtl
		ADDED from src/main/AndroidManifest.xml:26:9-35
	tools:overrideLibrary
		ADDED from src/main/AndroidManifest.xml:28:9-60
	android:allowBackup
		ADDED from src/main/AndroidManifest.xml:23:9-36
	android:icon
		ADDED from src/main/AndroidManifest.xml:24:9-43
	android:theme
		ADDED from src/main/AndroidManifest.xml:27:9-40
	android:name
		ADDED from src/main/AndroidManifest.xml:22:9-38
uses-library#android.test.runner
ADDED from src/main/AndroidManifest.xml:29:9-60
	android:name
		ADDED from src/main/AndroidManifest.xml:29:23-57
meta-data#com.amap.api.v2.apikey
ADDED from src/main/AndroidManifest.xml:31:9-33:64
	android:value
		ADDED from src/main/AndroidManifest.xml:33:13-61
	android:name
		ADDED from src/main/AndroidManifest.xml:32:13-50
activity#com.rzico.weex.activity.SplashActivity
ADDED from src/main/AndroidManifest.xml:35:9-46:20
	android:screenOrientation
		ADDED from src/main/AndroidManifest.xml:39:13-49
	android:label
		ADDED from src/main/AndroidManifest.xml:38:13-45
	android:configChanges
		ADDED from src/main/AndroidManifest.xml:37:13-74
	android:theme
		ADDED from src/main/AndroidManifest.xml:40:13-51
	android:name
		ADDED from src/main/AndroidManifest.xml:36:13-52
intent-filter#android.intent.action.MAIN+android.intent.category.LAUNCHER
ADDED from src/main/AndroidManifest.xml:41:13-45:29
action#android.intent.action.MAIN
ADDED from src/main/AndroidManifest.xml:42:17-69
	android:name
		ADDED from src/main/AndroidManifest.xml:42:25-66
category#android.intent.category.LAUNCHER
ADDED from src/main/AndroidManifest.xml:44:17-77
	android:name
		ADDED from src/main/AndroidManifest.xml:44:27-74
activity#com.rzico.weex.activity.WXPageActivity
ADDED from src/main/AndroidManifest.xml:47:9-63:20
	android:screenOrientation
		ADDED from src/main/AndroidManifest.xml:50:13-49
	android:label
		ADDED from src/main/AndroidManifest.xml:49:13-45
	android:theme
		ADDED from src/main/AndroidManifest.xml:51:13-60
	android:name
		ADDED from src/main/AndroidManifest.xml:48:13-52
intent-filter#android.intent.action.VIEW+android.intent.category.DEFAULT+com.alibaba.weex.protocol.openurl+com.taobao.android.intent.category.WEEX
ADDED from src/main/AndroidManifest.xml:52:13-62:29
action#android.intent.action.VIEW
ADDED from src/main/AndroidManifest.xml:53:17-69
	android:name
		ADDED from src/main/AndroidManifest.xml:53:25-66
action#com.alibaba.weex.protocol.openurl
ADDED from src/main/AndroidManifest.xml:54:17-76
	android:name
		ADDED from src/main/AndroidManifest.xml:54:25-73
category#android.intent.category.DEFAULT
ADDED from src/main/AndroidManifest.xml:56:17-76
	android:name
		ADDED from src/main/AndroidManifest.xml:56:27-73
category#com.taobao.android.intent.category.WEEX
ADDED from src/main/AndroidManifest.xml:57:17-84
	android:name
		ADDED from src/main/AndroidManifest.xml:57:27-81
data
ADDED from src/main/AndroidManifest.xml:59:17-47
	android:scheme
		ADDED from src/main/AndroidManifest.xml:59:23-44
activity#com.rzico.weex.activity.MainActivity
ADDED from src/main/AndroidManifest.xml:64:9-68:20
	android:theme
		ADDED from src/main/AndroidManifest.xml:65:13-65
	android:name
		ADDED from src/main/AndroidManifest.xml:64:19-56
activity#com.journeyapps.barcodescanner.CaptureActivity
ADDED from src/main/AndroidManifest.xml:69:9-72:49
MERGED from [com.journeyapps:zxing-android-embedded:3.4.0] AndroidManifest.xml:46:9-52:63
	android:screenOrientation
		ADDED from src/main/AndroidManifest.xml:71:13-49
		REJECTED from [com.journeyapps:zxing-android-embedded:3.4.0] AndroidManifest.xml:49:13-56
	android:clearTaskOnLaunch
		ADDED from [com.journeyapps:zxing-android-embedded:3.4.0] AndroidManifest.xml:48:13-45
	android:stateNotNeeded
		ADDED from [com.journeyapps:zxing-android-embedded:3.4.0] AndroidManifest.xml:50:13-42
	android:windowSoftInputMode
		ADDED from [com.journeyapps:zxing-android-embedded:3.4.0] AndroidManifest.xml:52:13-60
	android:theme
		ADDED from [com.journeyapps:zxing-android-embedded:3.4.0] AndroidManifest.xml:51:13-54
	tools:replace
		ADDED from src/main/AndroidManifest.xml:72:13-46
	android:name
		ADDED from src/main/AndroidManifest.xml:70:13-74
activity#com.rzico.weex.activity.TestActivity
ADDED from src/main/AndroidManifest.xml:73:9-76:20
	android:name
		ADDED from src/main/AndroidManifest.xml:73:19-56
uses-sdk
INJECTED from src/main/AndroidManifest.xml reason: use-sdk injection requested
MERGED from [com.weexext:imagepicker:1.0.1] AndroidManifest.xml:7:5-9:41
MERGED from [com.taobao.android:weex_sdk:0.10.0] AndroidManifest.xml:7:5-9:41
MERGED from [android:appframework:unspecified] AndroidManifest.xml:7:5-9:41
MERGED from [com.facebook.fresco:fresco:0.10.0] AndroidManifest.xml:5:5-7:41
MERGED from [com.facebook.fresco:drawee:0.10.0] AndroidManifest.xml:5:5-7:41
MERGED from [com.facebook.fresco:imagepipeline:0.10.0] AndroidManifest.xml:5:5-7:41
MERGED from [com.facebook.fresco:imagepipeline-base:0.10.0] AndroidManifest.xml:5:5-7:41
MERGED from [com.facebook.fresco:fbcore:0.10.0] AndroidManifest.xml:5:5-7:41
MERGED from [android:weexplugin:unspecified] AndroidManifest.xml:7:5-9:41
MERGED from [com.taobao.android:weex_inspector:0.10.0.5] AndroidManifest.xml:8:5-11:60
MERGED from [com.journeyapps:zxing-android-embedded:3.4.0] AndroidManifest.xml:19:5-43
MERGED from [com.karumi:dexter:4.1.0] AndroidManifest.xml:22:5-24:41
MERGED from [com.android.support:design:25.2.0] AndroidManifest.xml:21:5-23:62
MERGED from [com.android.support:appcompat-v7:25.2.0] AndroidManifest.xml:21:5-23:78
MERGED from [com.android.support:animated-vector-drawable:25.2.0] AndroidManifest.xml:20:5-44
MERGED from [com.android.support:support-vector-drawable:25.2.0] AndroidManifest.xml:21:5-43
MERGED from [com.android.support:recyclerview-v7:25.2.0] AndroidManifest.xml:20:5-43
MERGED from [com.android.support:transition:25.2.0] AndroidManifest.xml:20:5-44
MERGED from [com.android.support:support-v4:25.2.0] AndroidManifest.xml:21:5-23:54
MERGED from [com.android.support:support-fragment:25.2.0] AndroidManifest.xml:21:5-23:60
MERGED from [com.android.support:support-media-compat:25.2.0] AndroidManifest.xml:21:5-23:63
MERGED from [com.android.support:support-core-ui:25.2.0] AndroidManifest.xml:21:5-23:58
MERGED from [com.android.support:support-core-utils:25.2.0] AndroidManifest.xml:21:5-23:61
MERGED from [com.android.support:support-compat:25.2.0] AndroidManifest.xml:21:5-23:58
MERGED from [org.xutils:xutils:3.0] AndroidManifest.xml:8:5-10:41
	tools:overrideLibrary
		ADDED from [com.taobao.android:weex_inspector:0.10.0.5] AndroidManifest.xml:11:9-57
	android:targetSdkVersion
		INJECTED from src/main/AndroidManifest.xml
		INJECTED from src/main/AndroidManifest.xml
	android:minSdkVersion
		INJECTED from src/main/AndroidManifest.xml
		INJECTED from src/main/AndroidManifest.xml
provider#android.support.v4.content.FileProvider
ADDED from [com.weexext:imagepicker:1.0.1] AndroidManifest.xml:12:9-20:20
	android:authorities
		ADDED from [com.weexext:imagepicker:1.0.1] AndroidManifest.xml:14:13-60
	android:grantUriPermissions
		ADDED from [com.weexext:imagepicker:1.0.1] AndroidManifest.xml:16:13-47
	android:exported
		ADDED from [com.weexext:imagepicker:1.0.1] AndroidManifest.xml:15:13-37
	android:name
		ADDED from [com.weexext:imagepicker:1.0.1] AndroidManifest.xml:13:13-67
meta-data#android.support.FILE_PROVIDER_PATHS
ADDED from [com.weexext:imagepicker:1.0.1] AndroidManifest.xml:17:13-19:58
	android:resource
		ADDED from [com.weexext:imagepicker:1.0.1] AndroidManifest.xml:19:17-55
	android:name
		ADDED from [com.weexext:imagepicker:1.0.1] AndroidManifest.xml:18:17-67
receiver#com.taobao.weex.WXGlobalEventReceiver
ADDED from [com.taobao.android:weex_sdk:0.10.0] AndroidManifest.xml:12:9-16:20
	android:enabled
		ADDED from [com.taobao.android:weex_sdk:0.10.0] AndroidManifest.xml:14:13-35
	android:exported
		ADDED from [com.taobao.android:weex_sdk:0.10.0] AndroidManifest.xml:15:13-37
	android:name
		ADDED from [com.taobao.android:weex_sdk:0.10.0] AndroidManifest.xml:13:13-65
uses-feature#android.hardware.camera.front
ADDED from [com.journeyapps:zxing-android-embedded:3.4.0] AndroidManifest.xml:27:5-29:36
	android:required
		ADDED from [com.journeyapps:zxing-android-embedded:3.4.0] AndroidManifest.xml:29:9-33
	android:name
		ADDED from [com.journeyapps:zxing-android-embedded:3.4.0] AndroidManifest.xml:28:9-53
uses-feature#android.hardware.camera.flash
ADDED from [com.journeyapps:zxing-android-embedded:3.4.0] AndroidManifest.xml:35:5-37:36
	android:required
		ADDED from [com.journeyapps:zxing-android-embedded:3.4.0] AndroidManifest.xml:37:9-33
	android:name
		ADDED from [com.journeyapps:zxing-android-embedded:3.4.0] AndroidManifest.xml:36:9-53
uses-feature#android.hardware.screen.landscape
ADDED from [com.journeyapps:zxing-android-embedded:3.4.0] AndroidManifest.xml:38:5-40:36
	android:required
		ADDED from [com.journeyapps:zxing-android-embedded:3.4.0] AndroidManifest.xml:40:9-33
	android:name
		ADDED from [com.journeyapps:zxing-android-embedded:3.4.0] AndroidManifest.xml:39:9-57
uses-feature#android.hardware.wifi
ADDED from [com.journeyapps:zxing-android-embedded:3.4.0] AndroidManifest.xml:41:5-43:36
	android:required
		ADDED from [com.journeyapps:zxing-android-embedded:3.4.0] AndroidManifest.xml:43:9-33
	android:name
		ADDED from [com.journeyapps:zxing-android-embedded:3.4.0] AndroidManifest.xml:42:9-45
activity#com.karumi.dexter.DexterActivity
ADDED from [com.karumi:dexter:4.1.0] AndroidManifest.xml:27:9-30:56
	android:launchMode
		ADDED from [com.karumi:dexter:4.1.0] AndroidManifest.xml:29:13-48
	android:theme
		ADDED from [com.karumi:dexter:4.1.0] AndroidManifest.xml:30:13-53
	android:name
		ADDED from [com.karumi:dexter:4.1.0] AndroidManifest.xml:28:13-60